<?xml version="1.0" encoding="UTF-8"?>
<!-- Generated by org.testng.reporters.JUnitReportReporter -->
<testsuite skipped="0" hostname="LAPTOP-JS1ND5UI" name="day1.LearnAdvancedXPath" tests="1" failures="0" timestamp="21 Jul 2020 05:46:17 GMT" time="56.832" errors="0">
  <testcase name="learnAdvancedXPath" time="56.832" classname="day1.LearnAdvancedXPath"/>
</testsuite> <!-- day1.LearnAdvancedXPath -->
