<?xml version="1.0" encoding="UTF-8"?>
<!-- Generated by org.testng.reporters.JUnitReportReporter -->
<testsuite skipped="0" hostname="LAPTOP-JS1ND5UI" name="day3.PageScreenshot" tests="1" failures="0" timestamp="21 Jul 2020 06:44:03 GMT" time="17.523" errors="0">
  <testcase name="takePageScreenshot" time="17.523" classname="day3.PageScreenshot"/>
</testsuite> <!-- day3.PageScreenshot -->
