<?xml version="1.0" encoding="UTF-8"?>
<!-- Generated by org.testng.reporters.JUnitReportReporter -->
<testsuite skipped="0" hostname="LAPTOP-JS1ND5UI" name="day4.HandlingCalendar" tests="1" failures="0" timestamp="23 Jul 2020 16:33:14 GMT" time="16.858" errors="0">
  <testcase name="setDateInCalendar" time="16.858" classname="day4.HandlingCalendar"/>
</testsuite> <!-- day4.HandlingCalendar -->
