<?xml version="1.0" encoding="UTF-8"?>
<!-- Generated by org.testng.reporters.JUnitReportReporter -->
<testsuite skipped="0" hostname="LAPTOP-JS1ND5UI" name="day3.ElementScreenshot" tests="1" failures="0" timestamp="21 Jul 2020 06:46:39 GMT" time="37.366" errors="0">
  <testcase name="takePageScreenshot" time="37.366" classname="day3.ElementScreenshot"/>
</testsuite> <!-- day3.ElementScreenshot -->
