<?xml version="1.0" encoding="UTF-8"?>
<!-- Generated by org.testng.reporters.JUnitReportReporter -->
<testsuite skipped="0" hostname="LAPTOP-JS1ND5UI" name="day3.FullPageScreenshot" tests="1" failures="0" timestamp="21 Jul 2020 14:16:56 GMT" time="18.790" errors="0">
  <testcase name="takeFullPageScreenshot" time="18.790" classname="day3.FullPageScreenshot"/>
</testsuite> <!-- day3.FullPageScreenshot -->
