<?xml version="1.0" encoding="UTF-8"?>
<!-- Generated by org.testng.reporters.JUnitReportReporter -->
<testsuite skipped="0" hostname="LAPTOP-JS1ND5UI" name="learnAdvancedSel.day1_AdvancedXPath" tests="1" failures="0" timestamp="19 Jul 2020 14:29:00 GMT" time="16.475" errors="0">
  <testcase name="learnAdvancedXPath" time="16.475" classname="learnAdvancedSel.day1_AdvancedXPath"/>
</testsuite> <!-- learnAdvancedSel.day1_AdvancedXPath -->
