<?xml version="1.0" encoding="UTF-8"?>
<!-- Generated by org.testng.reporters.JUnitReportReporter -->
<testsuite skipped="0" hostname="LAPTOP-JS1ND5UI" name="day2.LearnDropDownHandling" tests="1" failures="0" timestamp="21 Jul 2020 06:11:12 GMT" time="15.038" errors="0">
  <testcase name="handleDropdown" time="15.038" classname="day2.LearnDropDownHandling"/>
</testsuite> <!-- day2.LearnDropDownHandling -->
