<?xml version="1.0" encoding="UTF-8"?>
<!-- Generated by org.testng.reporters.JUnitReportReporter -->
<testsuite skipped="0" hostname="LAPTOP-JS1ND5UI" name="day2.LearnBootstrapHandling" tests="1" failures="0" timestamp="21 Jul 2020 06:31:43 GMT" time="16.189" errors="0">
  <testcase name="learnBootStrap" time="16.189" classname="day2.LearnBootstrapHandling"/>
</testsuite> <!-- day2.LearnBootstrapHandling -->
