<?xml version="1.0" encoding="UTF-8"?>
<!-- Generated by org.testng.reporters.JUnitReportReporter -->
<testsuite skipped="0" hostname="LAPTOP-JS1ND5UI" name="day4.LearnCalendar" tests="1" failures="0" timestamp="23 Jul 2020 15:56:01 GMT" time="22.573" errors="0">
  <testcase name="selectFromCalendar" time="22.573" classname="day4.LearnCalendar"/>
</testsuite> <!-- day4.LearnCalendar -->
