<?xml version="1.0" encoding="UTF-8"?>
<!-- Generated by org.testng.reporters.JUnitReportReporter -->
<testsuite skipped="0" hostname="LAPTOP-JS1ND5UI" name="day1.PropertyFileReader" tests="1" failures="0" timestamp="19 Jul 2020 15:08:46 GMT" time="0.016" errors="0">
  <testcase name="readProperty" time="0.016" classname="day1.PropertyFileReader"/>
</testsuite> <!-- day1.PropertyFileReader -->
